TN:
SF:/home/emmanuel/Projects/SelfProject/questioner/server/app.js
FN:18,(anonymous_1)
FN:24,(anonymous_2)
FNF:2
FNH:2
FNDA:11,(anonymous_1)
FNDA:1,(anonymous_2)
DA:1,1
DA:2,1
DA:4,1
DA:7,1
DA:9,1
DA:10,1
DA:14,1
DA:15,1
DA:18,1
DA:19,11
DA:22,1
DA:24,1
DA:25,1
LF:13
LH:13
BRDA:22,0,0,1
BRDA:22,0,1,1
BRF:2
BRH:2
end_of_record
TN:
SF:/home/emmanuel/Projects/SelfProject/questioner/server/controllers/meetupController.js
FN:16,(anonymous_8)
FN:43,(anonymous_11)
FN:60,(anonymous_13)
FNF:3
FNH:2
FNDA:8,(anonymous_8)
FNDA:7,(anonymous_11)
FNDA:0,(anonymous_13)
DA:1,1
DA:2,1
DA:7,4
DA:8,4
DA:12,4
DA:16,8
DA:17,4
DA:18,4
DA:19,2
DA:20,2
DA:25,2
DA:29,1
DA:30,1
DA:35,0
DA:42,4
DA:43,7
DA:44,4
DA:45,2
DA:50,2
DA:57,0
DA:58,0
DA:60,0
DA:61,0
DA:62,0
DA:63,0
DA:65,0
DA:68,0
DA:69,0
DA:71,0
LF:29
LH:18
BRDA:18,0,0,2
BRDA:18,0,1,2
BRDA:18,1,0,4
BRDA:18,1,1,2
BRDA:29,2,0,1
BRDA:29,2,1,0
BRDA:44,3,0,2
BRDA:44,3,1,2
BRDA:62,4,0,0
BRDA:62,4,1,0
BRDA:68,5,0,0
BRDA:68,5,1,0
BRF:12
BRH:7
end_of_record
TN:
SF:/home/emmanuel/Projects/SelfProject/questioner/server/controllers/questionController.js
FN:26,(anonymous_9)
FN:41,(anonymous_11)
FNF:2
FNH:0
FNDA:0,(anonymous_9)
FNDA:0,(anonymous_11)
DA:1,1
DA:2,1
DA:6,0
DA:15,0
DA:16,0
DA:17,0
DA:22,0
DA:26,0
DA:27,0
DA:28,0
DA:29,0
DA:34,0
DA:41,0
DA:42,0
DA:43,0
DA:44,0
DA:49,0
LF:17
LH:2
BRDA:15,0,0,0
BRDA:15,0,1,0
BRDA:15,1,0,0
BRDA:15,1,1,0
BRDA:27,2,0,0
BRDA:27,2,1,0
BRDA:42,3,0,0
BRDA:42,3,1,0
BRF:8
BRH:0
end_of_record
TN:
SF:/home/emmanuel/Projects/SelfProject/questioner/server/models/meetup.js
FNF:0
FNH:0
DA:1,1
DA:12,1
DA:22,1
LF:3
LH:3
BRF:0
BRH:0
end_of_record
TN:
SF:/home/emmanuel/Projects/SelfProject/questioner/server/models/user.js
FNF:0
FNH:0
DA:1,1
LF:1
LH:1
BRF:0
BRH:0
end_of_record
TN:
SF:/home/emmanuel/Projects/SelfProject/questioner/server/routes/meetup.js
FNF:0
FNH:0
DA:1,1
DA:2,1
DA:3,1
DA:5,1
DA:8,1
DA:10,1
DA:12,1
DA:17,1
DA:19,1
DA:20,1
LF:10
LH:10
BRF:0
BRH:0
end_of_record
TN:
SF:/home/emmanuel/Projects/SelfProject/questioner/server/test/meetup.spec.js
FN:13,(anonymous_1)
FN:15,(anonymous_2)
FN:25,(anonymous_3)
FN:29,(anonymous_4)
FN:35,(anonymous_5)
FN:40,(anonymous_6)
FN:48,(anonymous_7)
FN:49,(anonymous_8)
FN:52,(anonymous_9)
FN:60,(anonymous_10)
FN:61,(anonymous_11)
FN:64,(anonymous_12)
FN:70,(anonymous_13)
FN:73,(anonymous_14)
FN:81,(anonymous_15)
FN:91,(anonymous_16)
FN:95,(anonymous_17)
FN:102,(anonymous_18)
FN:106,(anonymous_19)
FN:114,(anonymous_20)
FN:115,(anonymous_21)
FN:118,(anonymous_22)
FN:124,(anonymous_23)
FN:127,(anonymous_24)
FN:136,(anonymous_25)
FN:137,(anonymous_26)
FN:140,(anonymous_27)
FN:146,(anonymous_28)
FN:149,(anonymous_29)
FN:158,(anonymous_30)
FN:165,(anonymous_31)
FN:169,(anonymous_32)
FN:175,(anonymous_33)
FN:179,(anonymous_34)
FN:185,(anonymous_35)
FN:188,(anonymous_36)
FN:197,(anonymous_37)
FN:198,(anonymous_38)
FN:201,(anonymous_39)
FN:207,(anonymous_40)
FN:210,(anonymous_41)
FNF:41
FNH:41
FNDA:1,(anonymous_1)
FNDA:1,(anonymous_2)
FNDA:1,(anonymous_3)
FNDA:1,(anonymous_4)
FNDA:1,(anonymous_5)
FNDA:1,(anonymous_6)
FNDA:1,(anonymous_7)
FNDA:1,(anonymous_8)
FNDA:1,(anonymous_9)
FNDA:1,(anonymous_10)
FNDA:1,(anonymous_11)
FNDA:1,(anonymous_12)
FNDA:1,(anonymous_13)
FNDA:1,(anonymous_14)
FNDA:1,(anonymous_15)
FNDA:1,(anonymous_16)
FNDA:1,(anonymous_17)
FNDA:1,(anonymous_18)
FNDA:1,(anonymous_19)
FNDA:1,(anonymous_20)
FNDA:1,(anonymous_21)
FNDA:1,(anonymous_22)
FNDA:1,(anonymous_23)
FNDA:1,(anonymous_24)
FNDA:1,(anonymous_25)
FNDA:1,(anonymous_26)
FNDA:1,(anonymous_27)
FNDA:1,(anonymous_28)
FNDA:1,(anonymous_29)
FNDA:1,(anonymous_30)
FNDA:1,(anonymous_31)
FNDA:1,(anonymous_32)
FNDA:1,(anonymous_33)
FNDA:1,(anonymous_34)
FNDA:1,(anonymous_35)
FNDA:1,(anonymous_36)
FNDA:1,(anonymous_37)
FNDA:1,(anonymous_38)
FNDA:1,(anonymous_39)
FNDA:1,(anonymous_40)
FNDA:1,(anonymous_41)
DA:1,1
DA:2,1
DA:3,1
DA:4,1
DA:5,1
DA:6,1
DA:7,1
DA:9,1
DA:13,1
DA:15,1
DA:16,1
DA:25,1
DA:26,1
DA:30,1
DA:31,1
DA:32,1
DA:35,1
DA:36,1
DA:37,1
DA:41,1
DA:42,1
DA:43,1
DA:48,1
DA:49,1
DA:50,1
DA:53,1
DA:54,1
DA:55,1
DA:60,1
DA:61,1
DA:62,1
DA:65,1
DA:66,1
DA:67,1
DA:70,1
DA:71,1
DA:74,1
DA:75,1
DA:76,1
DA:81,1
DA:82,1
DA:91,1
DA:92,1
DA:96,1
DA:97,1
DA:98,1
DA:102,1
DA:103,1
DA:107,1
DA:108,1
DA:109,1
DA:114,1
DA:115,1
DA:116,1
DA:119,1
DA:120,0
DA:121,0
DA:124,1
DA:125,1
DA:128,1
DA:129,1
DA:130,0
DA:136,1
DA:137,1
DA:138,1
DA:141,1
DA:142,0
DA:143,0
DA:146,1
DA:147,1
DA:150,1
DA:151,1
DA:152,0
DA:158,1
DA:159,1
DA:162,1
DA:165,1
DA:166,1
DA:170,1
DA:171,0
DA:172,0
DA:175,1
DA:176,1
DA:180,1
DA:181,0
DA:182,0
DA:185,1
DA:186,1
DA:189,1
DA:190,1
DA:191,0
DA:197,1
DA:198,1
DA:199,1
DA:202,1
DA:203,1
DA:204,1
DA:207,1
DA:208,1
DA:211,1
DA:212,1
DA:213,1
LF:102
LH:91
BRDA:160,0,0,1
BRDA:160,0,1,0
BRDA:160,0,2,0
BRDA:163,1,0,1
BRDA:163,1,1,1
BRDA:163,1,2,0
BRF:6
BRH:3
end_of_record
TN:
SF:/home/emmanuel/Projects/SelfProject/questioner/server/test/signin.spec.js
FN:9,(anonymous_1)
FN:11,(anonymous_2)
FN:12,(anonymous_3)
FN:19,(anonymous_4)
FN:25,(anonymous_5)
FN:32,(anonymous_6)
FNF:6
FNH:6
FNDA:1,(anonymous_1)
FNDA:1,(anonymous_2)
FNDA:1,(anonymous_3)
FNDA:1,(anonymous_4)
FNDA:1,(anonymous_5)
FNDA:1,(anonymous_6)
DA:2,1
DA:3,1
DA:4,1
DA:5,1
DA:7,1
DA:9,1
DA:11,1
DA:12,1
DA:13,1
DA:20,1
DA:21,0
DA:22,0
DA:25,1
DA:26,1
DA:33,1
DA:34,0
DA:35,0
LF:17
LH:13
BRF:0
BRH:0
end_of_record
TN:
SF:/home/emmanuel/Projects/SelfProject/questioner/server/test/signup.spec.js
FN:10,(anonymous_1)
FN:18,(anonymous_2)
FN:22,(anonymous_3)
FN:28,(anonymous_4)
FN:32,(anonymous_5)
FNF:5
FNH:5
FNDA:1,(anonymous_1)
FNDA:1,(anonymous_2)
FNDA:1,(anonymous_3)
FNDA:1,(anonymous_4)
FNDA:1,(anonymous_5)
DA:1,1
DA:2,1
DA:3,1
DA:4,1
DA:5,1
DA:7,1
DA:10,1
DA:11,1
DA:18,1
DA:19,1
DA:23,1
DA:24,0
DA:25,0
DA:28,1
DA:29,1
DA:33,1
DA:34,0
DA:35,0
LF:18
LH:14
BRF:0
BRH:0
end_of_record
